[debug] [2023-03-22T02:19:10.556Z] ----------------------------------------------------------------------
[debug] [2023-03-22T02:19:10.559Z] Command:       C:\Program Files\nodejs\node.exe C:\Users\91749\AppData\Roaming\npm\node_modules\firebase-tools\lib\bin\firebase.js init
[debug] [2023-03-22T02:19:10.560Z] CLI Version:   11.25.1
[debug] [2023-03-22T02:19:10.561Z] Platform:      win32
[debug] [2023-03-22T02:19:10.561Z] Node Version:  v18.14.0
[debug] [2023-03-22T02:19:10.563Z] Time:          Wed Mar 22 2023 07:49:10 GMT+0530 (India Standard Time)
[debug] [2023-03-22T02:19:10.563Z] ----------------------------------------------------------------------
[debug] 
[debug] [2023-03-22T02:19:10.578Z] > command requires scopes: ["email","openid","https://www.googleapis.com/auth/cloudplatformprojects.readonly","https://www.googleapis.com/auth/firebase","https://www.googleapis.com/auth/cloud-platform"]
[debug] [2023-03-22T02:19:10.579Z] > authorizing via signed-in user (associationfamily2020@gmail.com)
[info] 
     ######## #### ########  ######## ########     ###     ######  ########
     ##        ##  ##     ## ##       ##     ##  ##   ##  ##       ##
     ######    ##  ########  ######   ########  #########  ######  ######
     ##        ##  ##    ##  ##       ##     ## ##     ##       ## ##
     ##       #### ##     ## ######## ########  ##     ##  ######  ########

You're about to initialize a Firebase project in this directory:

  C:\Users\91749\Dropbox\PC\Desktop\ASSOCIATION FAMILY

[info] 
=== Project Setup
[info] 
[info] First, let's associate this project directory with a Firebase project.
[info] You can create multiple project aliases by running firebase use --add, 
[info] but for now we'll just set up a default project.
[info] 
[debug] [2023-03-22T02:19:30.501Z] >>> [apiv2][query] GET https://firebase.googleapis.com/v1beta1/projects pageSize=100
[debug] [2023-03-22T02:19:31.768Z] <<< [apiv2][status] GET https://firebase.googleapis.com/v1beta1/projects 200
[debug] [2023-03-22T02:19:31.769Z] <<< [apiv2][body] GET https://firebase.googleapis.com/v1beta1/projects [omitted]
[info] i  Using project association-family (Association Family) 
[info] 
=== Hosting Setup
[info] 
[info] Your public directory is the folder (relative to your project directory) that
[info] will contain Hosting assets to be uploaded with firebase deploy. If you
[info] have a build process for your assets, use your build's output directory.
[info] 
[info] +  Wrote y/404.html 
[debug] [2023-03-22T02:21:37.228Z] >>> [apiv2][query] GET https://www.gstatic.com/firebasejs/releases.json [none]
[debug] [2023-03-22T02:21:37.544Z] <<< [apiv2][status] GET https://www.gstatic.com/firebasejs/releases.json 200
[debug] [2023-03-22T02:21:37.545Z] <<< [apiv2][body] GET https://www.gstatic.com/firebasejs/releases.json {"current":{"version":"9.18.0","browserURL":"https://www.gstatic.com/firebasejs/9.18.0/firebase.js","packageURL":"https://www.gstatic.com/firebasejs/9.18.0/firebase.tgz"},"live":{"version":"9.18","browserURL":"https://www.gstatic.com/firebasejs/live/9.18/firebase.js","packageURL":"https://www.gstatic.com/firebasejs/live/9.18/firebase.tgz"},"components":{"analytics":"https://www.gstatic.com/firebasejs/9.18.0/firebase-analytics.js","app":"https://www.gstatic.com/firebasejs/9.18.0/firebase-app.js","app-check":"https://www.gstatic.com/firebasejs/9.18.0/firebase-app-check.js","auth":"https://www.gstatic.com/firebasejs/9.18.0/firebase-auth.js","auth/cordova":"https://www.gstatic.com/firebasejs/9.18.0/firebase-auth/cordova.js","auth/react-native":"https://www.gstatic.com/firebasejs/9.18.0/firebase-auth/react-native.js","functions":"https://www.gstatic.com/firebasejs/9.18.0/firebase-functions.js","firestore":"https://www.gstatic.com/firebasejs/9.18.0/firebase-firestore.js","firestore/lite":"https://www.gstatic.com/firebasejs/9.18.0/firebase-firestore/lite.js","installations":"https://www.gstatic.com/firebasejs/9.18.0/firebase-installations.js","storage":"https://www.gstatic.com/firebasejs/9.18.0/firebase-storage.js","performance":"https://www.gstatic.com/firebasejs/9.18.0/firebase-performance.js","remote-config":"https://www.gstatic.com/firebasejs/9.18.0/firebase-remote-config.js","messaging":"https://www.gstatic.com/firebasejs/9.18.0/firebase-messaging.js","messaging/sw":"https://www.gstatic.com/firebasejs/9.18.0/firebase-messaging/sw.js","database":"https://www.gstatic.com/firebasejs/9.18.0/firebase-database.js","firestore.memory":"https://www.gstatic.com/firebasejs/9.18.0/firebase-firestore.memory.js"}}
[info] +  Wrote y/index.html 
[info] 
[info] i  Didn't detect a .git folder. Assuming C:\Users\91749\Dropbox\PC\Desktop\ASSOCIATION FAMILY is the project root. 
[info] i  Authorizing with GitHub to upload your service account to a GitHub repository's secrets store. 
[info] 
[info] Visit this URL on this device to log in:
[info] https://github.com/login/oauth/authorize?client_id=89cf50f02ac6aaed3484&state=607209670&redirect_uri=http%3A%2F%2Flocalhost%3A9005&scope=read%3Auser%20repo%20public_repo
[info] 
[info] Waiting for authentication...
[debug] [2023-03-22T02:24:02.203Z] >>> [apiv2][query] POST https://github.com/login/oauth/access_token [none]
[debug] [2023-03-22T02:24:02.204Z] >>> [apiv2][body] POST https://github.com/login/oauth/access_token [stream]
[debug] [2023-03-22T02:24:02.837Z] <<< [apiv2][status] POST https://github.com/login/oauth/access_token 200
[debug] [2023-03-22T02:24:02.837Z] <<< [apiv2][body] POST https://github.com/login/oauth/access_token {"access_token":"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","token_type":"bearer","scope":"read:user,repo"}
[debug] [2023-03-22T02:24:02.856Z] >>> [apiv2][query] GET https://api.github.com/user [none]
[debug] [2023-03-22T02:24:03.331Z] <<< [apiv2][status] GET https://api.github.com/user 200
[debug] [2023-03-22T02:24:03.332Z] <<< [apiv2][body] GET https://api.github.com/user {"login":"AssociationFamily","id":128562482,"node_id":"U_kgDOB6m1Mg","avatar_url":"https://avatars.githubusercontent.com/u/128562482?v=4","gravatar_id":"","url":"https://api.github.com/users/AssociationFamily","html_url":"https://github.com/AssociationFamily","followers_url":"https://api.github.com/users/AssociationFamily/followers","following_url":"https://api.github.com/users/AssociationFamily/following{/other_user}","gists_url":"https://api.github.com/users/AssociationFamily/gists{/gist_id}","starred_url":"https://api.github.com/users/AssociationFamily/starred{/owner}{/repo}","subscriptions_url":"https://api.github.com/users/AssociationFamily/subscriptions","organizations_url":"https://api.github.com/users/AssociationFamily/orgs","repos_url":"https://api.github.com/users/AssociationFamily/repos","events_url":"https://api.github.com/users/AssociationFamily/events{/privacy}","received_events_url":"https://api.github.com/users/AssociationFamily/received_events","type":"User","site_admin":false,"name":null,"company":null,"blog":"","location":null,"email":null,"hireable":null,"bio":null,"twitter_username":null,"public_repos":0,"public_gists":0,"followers":0,"following":0,"created_at":"2023-03-22T02:23:28Z","updated_at":"2023-03-22T02:23:28Z","private_gists":0,"total_private_repos":0,"owned_private_repos":0,"disk_usage":0,"collaborators":0,"two_factor_authentication":false,"plan":{"name":"free","space":976562499,"collaborators":0,"private_repos":10000}}
[info] 
[info] +  Success! Logged into GitHub as AssociationFamily 
[info] 
[debug] [2023-03-22T02:24:17.811Z] >>> [apiv2][query] GET https://api.github.com/repos/y/actions/secrets/public-key type=owner
[debug] [2023-03-22T02:24:18.300Z] <<< [apiv2][status] GET https://api.github.com/repos/y/actions/secrets/public-key 404
[debug] [2023-03-22T02:24:18.300Z] <<< [apiv2][body] GET https://api.github.com/repos/y/actions/secrets/public-key {"message":"Not Found","documentation_url":"https://docs.github.com/rest"}
[debug] [2023-03-22T02:24:26.898Z] >>> [apiv2][query] GET https://api.github.com/repos/y/actions/secrets/public-key type=owner
[debug] [2023-03-22T02:24:27.313Z] <<< [apiv2][status] GET https://api.github.com/repos/y/actions/secrets/public-key 404
[debug] [2023-03-22T02:24:27.313Z] <<< [apiv2][body] GET https://api.github.com/repos/y/actions/secrets/public-key {"message":"Not Found","documentation_url":"https://docs.github.com/rest"}
[debug] [2023-03-22T02:25:56.226Z] >>> [apiv2][query] GET https://api.github.com/repos/AssociationFamily/actions/secrets/public-key type=owner
[debug] [2023-03-22T02:25:56.231Z] >>> [apiv2][query] GET https://api.github.com/repos///actions/secrets/public-key type=owner
[debug] [2023-03-22T02:25:56.650Z] <<< [apiv2][status] GET https://api.github.com/repos///actions/secrets/public-key 404
[debug] [2023-03-22T02:25:56.650Z] <<< [apiv2][body] GET https://api.github.com/repos///actions/secrets/public-key {"message":"Not Found","documentation_url":"https://docs.github.com/rest"}
[debug] [2023-03-22T02:25:56.682Z] <<< [apiv2][status] GET https://api.github.com/repos/AssociationFamily/actions/secrets/public-key 404
[debug] [2023-03-22T02:25:56.682Z] <<< [apiv2][body] GET https://api.github.com/repos/AssociationFamily/actions/secrets/public-key {"message":"Not Found","documentation_url":"https://docs.github.com/rest"}
[debug] [2023-03-22T02:26:03.538Z] >>> [apiv2][query] GET https://api.github.com/repos/Association-Family/AssociationFamily/actions/secrets/public-key type=owner
[debug] [2023-03-22T02:26:03.988Z] <<< [apiv2][status] GET https://api.github.com/repos/Association-Family/AssociationFamily/actions/secrets/public-key 404
[debug] [2023-03-22T02:26:03.988Z] <<< [apiv2][body] GET https://api.github.com/repos/Association-Family/AssociationFamily/actions/secrets/public-key {"message":"Not Found","documentation_url":"https://docs.github.com/rest/reference/actions#get-a-repository-public-key"}
[debug] [2023-03-22T02:26:11.205Z] >>> [apiv2][query] GET https://api.github.com/repos/Association-Family/AssociationFamily/actions/secrets/public-key type=owner
[debug] [2023-03-22T02:26:11.333Z] >>> [apiv2][query] GET https://api.github.com/repos//actions/secrets/public-key type=owner
[debug] [2023-03-22T02:26:11.563Z] >>> [apiv2][query] GET https://api.github.com/repos//actions/secrets/public-key type=owner
[debug] [2023-03-22T02:26:11.626Z] <<< [apiv2][status] GET https://api.github.com/repos/Association-Family/AssociationFamily/actions/secrets/public-key 404
[debug] [2023-03-22T02:26:11.626Z] <<< [apiv2][body] GET https://api.github.com/repos/Association-Family/AssociationFamily/actions/secrets/public-key {"message":"Not Found","documentation_url":"https://docs.github.com/rest/reference/actions#get-a-repository-public-key"}
[debug] [2023-03-22T02:26:11.698Z] <<< [apiv2][status] GET https://api.github.com/repos//actions/secrets/public-key 404
[debug] [2023-03-22T02:26:11.698Z] <<< [apiv2][body] GET https://api.github.com/repos//actions/secrets/public-key {"message":"Not Found","documentation_url":"https://docs.github.com/rest"}
[debug] [2023-03-22T02:26:11.975Z] <<< [apiv2][status] GET https://api.github.com/repos//actions/secrets/public-key 404
[debug] [2023-03-22T02:26:11.976Z] <<< [apiv2][body] GET https://api.github.com/repos//actions/secrets/public-key {"message":"Not Found","documentation_url":"https://docs.github.com/rest"}
[debug] [2023-03-22T02:26:12.201Z] >>> [apiv2][query] GET https://api.github.com/repos/Association-Family/AssociationFamily/actions/secrets/public-key type=owner
[debug] [2023-03-22T02:26:12.393Z] >>> [apiv2][query] GET https://api.github.com/repos//actions/secrets/public-key type=owner
[debug] [2023-03-22T02:26:12.606Z] <<< [apiv2][status] GET https://api.github.com/repos/Association-Family/AssociationFamily/actions/secrets/public-key 404
[debug] [2023-03-22T02:26:12.606Z] <<< [apiv2][body] GET https://api.github.com/repos/Association-Family/AssociationFamily/actions/secrets/public-key {"message":"Not Found","documentation_url":"https://docs.github.com/rest/reference/actions#get-a-repository-public-key"}
[debug] [2023-03-22T02:26:12.793Z] <<< [apiv2][status] GET https://api.github.com/repos//actions/secrets/public-key 404
[debug] [2023-03-22T02:26:12.794Z] <<< [apiv2][body] GET https://api.github.com/repos//actions/secrets/public-key {"message":"Not Found","documentation_url":"https://docs.github.com/rest"}
[debug] [2023-03-22T02:26:13.030Z] >>> [apiv2][query] GET https://api.github.com/repos/Association-Family/AssociationFamily/actions/secrets/public-key type=owner
[debug] [2023-03-22T02:26:13.511Z] <<< [apiv2][status] GET https://api.github.com/repos/Association-Family/AssociationFamily/actions/secrets/public-key 404
[debug] [2023-03-22T02:26:13.511Z] <<< [apiv2][body] GET https://api.github.com/repos/Association-Family/AssociationFamily/actions/secrets/public-key {"message":"Not Found","documentation_url":"https://docs.github.com/rest/reference/actions#get-a-repository-public-key"}
[debug] [2023-03-22T02:26:26.359Z] >>> [apiv2][query] GET https://api.github.com/repos/Association-Family/AssociationFamily/actions/secrets/public-key type=owner
[debug] [2023-03-22T02:26:26.773Z] >>> [apiv2][query] GET https://api.github.com/repos//actions/secrets/public-key type=owner
[debug] [2023-03-22T02:26:26.781Z] <<< [apiv2][status] GET https://api.github.com/repos/Association-Family/AssociationFamily/actions/secrets/public-key 404
[debug] [2023-03-22T02:26:26.781Z] <<< [apiv2][body] GET https://api.github.com/repos/Association-Family/AssociationFamily/actions/secrets/public-key {"message":"Not Found","documentation_url":"https://docs.github.com/rest/reference/actions#get-a-repository-public-key"}
[debug] [2023-03-22T02:26:26.872Z] >>> [apiv2][query] GET https://api.github.com/repos/Association-Family/AssociationFamily/actions/secrets/public-key type=owner
[debug] [2023-03-22T02:26:27.004Z] >>> [apiv2][query] GET https://api.github.com/repos//actions/secrets/public-key type=owner
[debug] [2023-03-22T02:26:27.157Z] <<< [apiv2][status] GET https://api.github.com/repos//actions/secrets/public-key 404
[debug] [2023-03-22T02:26:27.157Z] <<< [apiv2][body] GET https://api.github.com/repos//actions/secrets/public-key {"message":"Not Found","documentation_url":"https://docs.github.com/rest"}
[debug] [2023-03-22T02:26:27.212Z] >>> [apiv2][query] GET https://api.github.com/repos//actions/secrets/public-key type=owner
[debug] [2023-03-22T02:26:27.262Z] <<< [apiv2][status] GET https://api.github.com/repos/Association-Family/AssociationFamily/actions/secrets/public-key 404
[debug] [2023-03-22T02:26:27.263Z] <<< [apiv2][body] GET https://api.github.com/repos/Association-Family/AssociationFamily/actions/secrets/public-key {"message":"Not Found","documentation_url":"https://docs.github.com/rest/reference/actions#get-a-repository-public-key"}
[debug] [2023-03-22T02:26:27.384Z] <<< [apiv2][status] GET https://api.github.com/repos//actions/secrets/public-key 404
[debug] [2023-03-22T02:26:27.384Z] <<< [apiv2][body] GET https://api.github.com/repos//actions/secrets/public-key {"message":"Not Found","documentation_url":"https://docs.github.com/rest"}
[debug] [2023-03-22T02:26:27.643Z] <<< [apiv2][status] GET https://api.github.com/repos//actions/secrets/public-key 404
[debug] [2023-03-22T02:26:27.643Z] <<< [apiv2][body] GET https://api.github.com/repos//actions/secrets/public-key {"message":"Not Found","documentation_url":"https://docs.github.com/rest"}
[debug] [2023-03-22T02:26:27.713Z] >>> [apiv2][query] GET https://api.github.com/repos/Association-Family/AssociationFamily/actions/secrets/public-key type=owner
[debug] [2023-03-22T02:26:28.155Z] <<< [apiv2][status] GET https://api.github.com/repos/Association-Family/AssociationFamily/actions/secrets/public-key 404
[debug] [2023-03-22T02:26:28.155Z] <<< [apiv2][body] GET https://api.github.com/repos/Association-Family/AssociationFamily/actions/secrets/public-key {"message":"Not Found","documentation_url":"https://docs.github.com/rest/reference/actions#get-a-repository-public-key"}
[debug] [2023-03-22T02:26:28.559Z] >>> [apiv2][query] GET https://api.github.com/repos/Association-Family/AssociationFamily/actions/secrets/public-key type=owner
[debug] [2023-03-22T02:26:29.077Z] <<< [apiv2][status] GET https://api.github.com/repos/Association-Family/AssociationFamily/actions/secrets/public-key 404
[debug] [2023-03-22T02:26:29.077Z] <<< [apiv2][body] GET https://api.github.com/repos/Association-Family/AssociationFamily/actions/secrets/public-key {"message":"Not Found","documentation_url":"https://docs.github.com/rest/reference/actions#get-a-repository-public-key"}
[debug] [2023-03-22T02:26:29.175Z] >>> [apiv2][query] GET https://api.github.com/repos/Association-Family/AssociationFamily/actions/secrets/public-key type=owner
[debug] [2023-03-22T02:26:29.589Z] <<< [apiv2][status] GET https://api.github.com/repos/Association-Family/AssociationFamily/actions/secrets/public-key 404
[debug] [2023-03-22T02:26:29.589Z] <<< [apiv2][body] GET https://api.github.com/repos/Association-Family/AssociationFamily/actions/secrets/public-key {"message":"Not Found","documentation_url":"https://docs.github.com/rest/reference/actions#get-a-repository-public-key"}
[debug] [2023-03-22T02:26:30.699Z] >>> [apiv2][query] GET https://api.github.com/repos/Association-Family/AssociationFamily/actions/secrets/public-key type=owner
[debug] [2023-03-22T02:26:30.902Z] >>> [apiv2][query] GET https://api.github.com/repos//actions/secrets/public-key type=owner
[debug] [2023-03-22T02:26:31.094Z] <<< [apiv2][status] GET https://api.github.com/repos/Association-Family/AssociationFamily/actions/secrets/public-key 404
[debug] [2023-03-22T02:26:31.094Z] <<< [apiv2][body] GET https://api.github.com/repos/Association-Family/AssociationFamily/actions/secrets/public-key {"message":"Not Found","documentation_url":"https://docs.github.com/rest/reference/actions#get-a-repository-public-key"}
[debug] [2023-03-22T02:26:31.096Z] >>> [apiv2][query] GET https://api.github.com/repos/Association-Family/AssociationFamily/actions/secrets/public-key type=owner
[debug] [2023-03-22T02:26:31.239Z] >>> [apiv2][query] GET https://api.github.com/repos//actions/secrets/public-key type=owner
[debug] [2023-03-22T02:26:31.342Z] <<< [apiv2][status] GET https://api.github.com/repos//actions/secrets/public-key 404
[debug] [2023-03-22T02:26:31.342Z] <<< [apiv2][body] GET https://api.github.com/repos//actions/secrets/public-key {"message":"Not Found","documentation_url":"https://docs.github.com/rest"}
[debug] [2023-03-22T02:26:31.486Z] <<< [apiv2][status] GET https://api.github.com/repos/Association-Family/AssociationFamily/actions/secrets/public-key 404
[debug] [2023-03-22T02:26:31.486Z] <<< [apiv2][body] GET https://api.github.com/repos/Association-Family/AssociationFamily/actions/secrets/public-key {"message":"Not Found","documentation_url":"https://docs.github.com/rest/reference/actions#get-a-repository-public-key"}
[debug] [2023-03-22T02:26:31.679Z] >>> [apiv2][query] GET https://api.github.com/repos/Association-Family/AssociationFamily/actions/secrets/public-key type=owner
[debug] [2023-03-22T02:26:31.687Z] <<< [apiv2][status] GET https://api.github.com/repos//actions/secrets/public-key 404
[debug] [2023-03-22T02:26:31.687Z] <<< [apiv2][body] GET https://api.github.com/repos//actions/secrets/public-key {"message":"Not Found","documentation_url":"https://docs.github.com/rest"}
[debug] [2023-03-22T02:26:31.892Z] >>> [apiv2][query] GET https://api.github.com/repos//actions/secrets/public-key type=owner
[debug] [2023-03-22T02:26:32.077Z] <<< [apiv2][status] GET https://api.github.com/repos/Association-Family/AssociationFamily/actions/secrets/public-key 404
[debug] [2023-03-22T02:26:32.077Z] <<< [apiv2][body] GET https://api.github.com/repos/Association-Family/AssociationFamily/actions/secrets/public-key {"message":"Not Found","documentation_url":"https://docs.github.com/rest/reference/actions#get-a-repository-public-key"}
[debug] [2023-03-22T02:26:32.261Z] <<< [apiv2][status] GET https://api.github.com/repos//actions/secrets/public-key 404
[debug] [2023-03-22T02:26:32.261Z] <<< [apiv2][body] GET https://api.github.com/repos//actions/secrets/public-key {"message":"Not Found","documentation_url":"https://docs.github.com/rest"}
[debug] [2023-03-22T02:26:33.469Z] >>> [apiv2][query] GET https://api.github.com/repos/Association-Family/AssociationFamily/actions/secrets/public-key type=owner
[debug] [2023-03-22T02:26:33.980Z] >>> [apiv2][query] GET https://api.github.com/repos//actions/secrets/public-key type=owner
[debug] [2023-03-22T02:26:33.990Z] <<< [apiv2][status] GET https://api.github.com/repos/Association-Family/AssociationFamily/actions/secrets/public-key 404
[debug] [2023-03-22T02:26:33.990Z] <<< [apiv2][body] GET https://api.github.com/repos/Association-Family/AssociationFamily/actions/secrets/public-key {"message":"Not Found","documentation_url":"https://docs.github.com/rest/reference/actions#get-a-repository-public-key"}
[debug] [2023-03-22T02:26:34.011Z] >>> [apiv2][query] GET https://api.github.com/repos/Association-Family/AssociationFamily/actions/secrets/public-key type=owner
[debug] [2023-03-22T02:26:34.044Z] >>> [apiv2][query] GET https://api.github.com/repos//actions/secrets/public-key type=owner
[debug] [2023-03-22T02:26:34.077Z] >>> [apiv2][query] GET https://api.github.com/repos//actions/secrets/public-key type=owner
[debug] [2023-03-22T02:26:34.108Z] >>> [apiv2][query] GET https://api.github.com/repos//actions/secrets/public-key type=owner
[debug] [2023-03-22T02:26:34.144Z] >>> [apiv2][query] GET https://api.github.com/repos//actions/secrets/public-key type=owner
[debug] [2023-03-22T02:26:34.174Z] >>> [apiv2][query] GET https://api.github.com/repos//actions/secrets/public-key type=owner
[debug] [2023-03-22T02:26:34.210Z] >>> [apiv2][query] GET https://api.github.com/repos//actions/secrets/public-key type=owner
[debug] [2023-03-22T02:26:34.245Z] >>> [apiv2][query] GET https://api.github.com/repos//actions/secrets/public-key type=owner
[debug] [2023-03-22T02:26:34.273Z] >>> [apiv2][query] GET https://api.github.com/repos//actions/secrets/public-key type=owner
[debug] [2023-03-22T02:26:34.307Z] >>> [apiv2][query] GET https://api.github.com/repos//actions/secrets/public-key type=owner
[debug] [2023-03-22T02:26:34.339Z] >>> [apiv2][query] GET https://api.github.com/repos//actions/secrets/public-key type=owner
[debug] [2023-03-22T02:26:34.363Z] <<< [apiv2][status] GET https://api.github.com/repos/Association-Family/AssociationFamily/actions/secrets/public-key 404
[debug] [2023-03-22T02:26:34.363Z] <<< [apiv2][body] GET https://api.github.com/repos/Association-Family/AssociationFamily/actions/secrets/public-key {"message":"Not Found","documentation_url":"https://docs.github.com/rest/reference/actions#get-a-repository-public-key"}
[debug] [2023-03-22T02:26:34.368Z] <<< [apiv2][status] GET https://api.github.com/repos//actions/secrets/public-key 404
[debug] [2023-03-22T02:26:34.368Z] <<< [apiv2][body] GET https://api.github.com/repos//actions/secrets/public-key {"message":"Not Found","documentation_url":"https://docs.github.com/rest"}
[debug] [2023-03-22T02:26:34.371Z] >>> [apiv2][query] GET https://api.github.com/repos/Association-Family/AssociationFamily/actions/secrets/public-key type=owner
[debug] [2023-03-22T02:26:34.394Z] <<< [apiv2][status] GET https://api.github.com/repos//actions/secrets/public-key 404
[debug] [2023-03-22T02:26:34.395Z] <<< [apiv2][body] GET https://api.github.com/repos//actions/secrets/public-key {"message":"Not Found","documentation_url":"https://docs.github.com/rest"}
[debug] [2023-03-22T02:26:34.405Z] >>> [apiv2][query] GET https://api.github.com/repos//actions/secrets/public-key type=owner
[debug] [2023-03-22T02:26:34.431Z] <<< [apiv2][status] GET https://api.github.com/repos//actions/secrets/public-key 404
[debug] [2023-03-22T02:26:34.431Z] <<< [apiv2][body] GET https://api.github.com/repos//actions/secrets/public-key {"message":"Not Found","documentation_url":"https://docs.github.com/rest"}
[debug] [2023-03-22T02:26:34.436Z] >>> [apiv2][query] GET https://api.github.com/repos//actions/secrets/public-key type=owner
[debug] [2023-03-22T02:26:34.470Z] >>> [apiv2][query] GET https://api.github.com/repos//actions/secrets/public-key type=owner
[debug] [2023-03-22T02:26:34.475Z] <<< [apiv2][status] GET https://api.github.com/repos//actions/secrets/public-key 404
[debug] [2023-03-22T02:26:34.475Z] <<< [apiv2][body] GET https://api.github.com/repos//actions/secrets/public-key {"message":"Not Found","documentation_url":"https://docs.github.com/rest"}
[debug] [2023-03-22T02:26:34.502Z] >>> [apiv2][query] GET https://api.github.com/repos//actions/secrets/public-key type=owner
[debug] [2023-03-22T02:26:34.521Z] <<< [apiv2][status] GET https://api.github.com/repos//actions/secrets/public-key 404
[debug] [2023-03-22T02:26:34.521Z] <<< [apiv2][body] GET https://api.github.com/repos//actions/secrets/public-key {"message":"Not Found","documentation_url":"https://docs.github.com/rest"}
[debug] [2023-03-22T02:26:34.526Z] <<< [apiv2][status] GET https://api.github.com/repos//actions/secrets/public-key 404
[debug] [2023-03-22T02:26:34.526Z] <<< [apiv2][body] GET https://api.github.com/repos//actions/secrets/public-key {"message":"Not Found","documentation_url":"https://docs.github.com/rest"}
[debug] [2023-03-22T02:26:34.533Z] >>> [apiv2][query] GET https://api.github.com/repos//actions/secrets/public-key type=owner
[debug] [2023-03-22T02:26:34.566Z] >>> [apiv2][query] GET https://api.github.com/repos//actions/secrets/public-key type=owner
[debug] [2023-03-22T02:26:34.571Z] <<< [apiv2][status] GET https://api.github.com/repos//actions/secrets/public-key 404
[debug] [2023-03-22T02:26:34.571Z] <<< [apiv2][body] GET https://api.github.com/repos//actions/secrets/public-key {"message":"Not Found","documentation_url":"https://docs.github.com/rest"}
[debug] [2023-03-22T02:26:34.600Z] >>> [apiv2][query] GET https://api.github.com/repos//actions/secrets/public-key type=owner
[debug] [2023-03-22T02:26:34.604Z] <<< [apiv2][status] GET https://api.github.com/repos//actions/secrets/public-key 404
[debug] [2023-03-22T02:26:34.605Z] <<< [apiv2][body] GET https://api.github.com/repos//actions/secrets/public-key {"message":"Not Found","documentation_url":"https://docs.github.com/rest"}
[debug] [2023-03-22T02:26:34.635Z] >>> [apiv2][query] GET https://api.github.com/repos//actions/secrets/public-key type=owner
[debug] [2023-03-22T02:26:34.657Z] <<< [apiv2][status] GET https://api.github.com/repos//actions/secrets/public-key 404
[debug] [2023-03-22T02:26:34.657Z] <<< [apiv2][body] GET https://api.github.com/repos//actions/secrets/public-key {"message":"Not Found","documentation_url":"https://docs.github.com/rest"}
[debug] [2023-03-22T02:26:34.664Z] >>> [apiv2][query] GET https://api.github.com/repos//actions/secrets/public-key type=owner
[debug] [2023-03-22T02:26:34.671Z] <<< [apiv2][status] GET https://api.github.com/repos//actions/secrets/public-key 404
[debug] [2023-03-22T02:26:34.671Z] <<< [apiv2][body] GET https://api.github.com/repos//actions/secrets/public-key {"message":"Not Found","documentation_url":"https://docs.github.com/rest"}
[debug] [2023-03-22T02:26:34.686Z] <<< [apiv2][status] GET https://api.github.com/repos//actions/secrets/public-key 404
[debug] [2023-03-22T02:26:34.686Z] <<< [apiv2][body] GET https://api.github.com/repos//actions/secrets/public-key {"message":"Not Found","documentation_url":"https://docs.github.com/rest"}
[debug] [2023-03-22T02:26:34.700Z] >>> [apiv2][query] GET https://api.github.com/repos//actions/secrets/public-key type=owner
[debug] [2023-03-22T02:26:34.732Z] >>> [apiv2][query] GET https://api.github.com/repos//actions/secrets/public-key type=owner
[debug] [2023-03-22T02:26:34.742Z] <<< [apiv2][status] GET https://api.github.com/repos/Association-Family/AssociationFamily/actions/secrets/public-key 404
[debug] [2023-03-22T02:26:34.742Z] <<< [apiv2][body] GET https://api.github.com/repos/Association-Family/AssociationFamily/actions/secrets/public-key {"message":"Not Found","documentation_url":"https://docs.github.com/rest/reference/actions#get-a-repository-public-key"}
[debug] [2023-03-22T02:26:34.838Z] <<< [apiv2][status] GET https://api.github.com/repos//actions/secrets/public-key 404
[debug] [2023-03-22T02:26:34.839Z] <<< [apiv2][body] GET https://api.github.com/repos//actions/secrets/public-key {"message":"Not Found","documentation_url":"https://docs.github.com/rest"}
[debug] [2023-03-22T02:26:34.844Z] <<< [apiv2][status] GET https://api.github.com/repos//actions/secrets/public-key 404
[debug] [2023-03-22T02:26:34.844Z] <<< [apiv2][body] GET https://api.github.com/repos//actions/secrets/public-key {"message":"Not Found","documentation_url":"https://docs.github.com/rest"}
[debug] [2023-03-22T02:26:34.868Z] <<< [apiv2][status] GET https://api.github.com/repos//actions/secrets/public-key 404
[debug] [2023-03-22T02:26:34.868Z] <<< [apiv2][body] GET https://api.github.com/repos//actions/secrets/public-key {"message":"Not Found","documentation_url":"https://docs.github.com/rest"}
[debug] [2023-03-22T02:26:34.926Z] <<< [apiv2][status] GET https://api.github.com/repos//actions/secrets/public-key 404
[debug] [2023-03-22T02:26:34.927Z] <<< [apiv2][body] GET https://api.github.com/repos//actions/secrets/public-key {"message":"Not Found","documentation_url":"https://docs.github.com/rest"}
[debug] [2023-03-22T02:26:34.930Z] <<< [apiv2][status] GET https://api.github.com/repos//actions/secrets/public-key 404
[debug] [2023-03-22T02:26:34.930Z] <<< [apiv2][body] GET https://api.github.com/repos//actions/secrets/public-key {"message":"Not Found","documentation_url":"https://docs.github.com/rest"}
[debug] [2023-03-22T02:26:34.952Z] <<< [apiv2][status] GET https://api.github.com/repos//actions/secrets/public-key 404
[debug] [2023-03-22T02:26:34.952Z] <<< [apiv2][body] GET https://api.github.com/repos//actions/secrets/public-key {"message":"Not Found","documentation_url":"https://docs.github.com/rest"}
[debug] [2023-03-22T02:26:35.012Z] <<< [apiv2][status] GET https://api.github.com/repos//actions/secrets/public-key 404
[debug] [2023-03-22T02:26:35.012Z] <<< [apiv2][body] GET https://api.github.com/repos//actions/secrets/public-key {"message":"Not Found","documentation_url":"https://docs.github.com/rest"}
[debug] [2023-03-22T02:26:35.018Z] <<< [apiv2][status] GET https://api.github.com/repos//actions/secrets/public-key 404
[debug] [2023-03-22T02:26:35.018Z] <<< [apiv2][body] GET https://api.github.com/repos//actions/secrets/public-key {"message":"Not Found","documentation_url":"https://docs.github.com/rest"}
[debug] [2023-03-22T02:26:35.061Z] <<< [apiv2][status] GET https://api.github.com/repos//actions/secrets/public-key 404
[debug] [2023-03-22T02:26:35.061Z] <<< [apiv2][body] GET https://api.github.com/repos//actions/secrets/public-key {"message":"Not Found","documentation_url":"https://docs.github.com/rest"}
[debug] [2023-03-22T02:26:35.113Z] <<< [apiv2][status] GET https://api.github.com/repos//actions/secrets/public-key 404
[debug] [2023-03-22T02:26:35.113Z] <<< [apiv2][body] GET https://api.github.com/repos//actions/secrets/public-key {"message":"Not Found","documentation_url":"https://docs.github.com/rest"}
[debug] [2023-03-22T02:26:35.187Z] <<< [apiv2][status] GET https://api.github.com/repos//actions/secrets/public-key 404
[debug] [2023-03-22T02:26:35.187Z] <<< [apiv2][body] GET https://api.github.com/repos//actions/secrets/public-key {"message":"Not Found","documentation_url":"https://docs.github.com/rest"}
[debug] [2023-03-22T02:26:35.455Z] >>> [apiv2][query] GET https://api.github.com/repos/Association-Family/AssociationFamily/actions/secrets/public-key type=owner
[debug] [2023-03-22T02:26:35.770Z] >>> [apiv2][query] GET https://api.github.com/repos//actions/secrets/public-key type=owner
[debug] [2023-03-22T02:26:35.843Z] <<< [apiv2][status] GET https://api.github.com/repos/Association-Family/AssociationFamily/actions/secrets/public-key 404
[debug] [2023-03-22T02:26:35.843Z] <<< [apiv2][body] GET https://api.github.com/repos/Association-Family/AssociationFamily/actions/secrets/public-key {"message":"Not Found","documentation_url":"https://docs.github.com/rest/reference/actions#get-a-repository-public-key"}
[debug] [2023-03-22T02:26:36.164Z] <<< [apiv2][status] GET https://api.github.com/repos//actions/secrets/public-key 404
[debug] [2023-03-22T02:26:36.164Z] <<< [apiv2][body] GET https://api.github.com/repos//actions/secrets/public-key {"message":"Not Found","documentation_url":"https://docs.github.com/rest"}
[debug] [2023-03-22T02:26:36.280Z] >>> [apiv2][query] GET https://api.github.com/repos/Association-Family/AssociationFamily/actions/secrets/public-key type=owner
[debug] [2023-03-22T02:26:36.312Z] >>> [apiv2][query] GET https://api.github.com/repos//actions/secrets/public-key type=owner
[debug] [2023-03-22T02:26:36.345Z] >>> [apiv2][query] GET https://api.github.com/repos//actions/secrets/public-key type=owner
[debug] [2023-03-22T02:26:36.377Z] >>> [apiv2][query] GET https://api.github.com/repos//actions/secrets/public-key type=owner
[debug] [2023-03-22T02:26:36.407Z] >>> [apiv2][query] GET https://api.github.com/repos//actions/secrets/public-key type=owner
[debug] [2023-03-22T02:26:36.442Z] >>> [apiv2][query] GET https://api.github.com/repos//actions/secrets/public-key type=owner
[debug] [2023-03-22T02:26:36.475Z] >>> [apiv2][query] GET https://api.github.com/repos//actions/secrets/public-key type=owner
[debug] [2023-03-22T02:26:36.506Z] >>> [apiv2][query] GET https://api.github.com/repos//actions/secrets/public-key type=owner
[debug] [2023-03-22T02:26:36.539Z] >>> [apiv2][query] GET https://api.github.com/repos//actions/secrets/public-key type=owner
[debug] [2023-03-22T02:26:36.574Z] >>> [apiv2][query] GET https://api.github.com/repos//actions/secrets/public-key type=owner
[debug] [2023-03-22T02:26:36.604Z] >>> [apiv2][query] GET https://api.github.com/repos//actions/secrets/public-key type=owner
[debug] [2023-03-22T02:26:36.753Z] <<< [apiv2][status] GET https://api.github.com/repos/Association-Family/AssociationFamily/actions/secrets/public-key 404
[debug] [2023-03-22T02:26:36.753Z] <<< [apiv2][body] GET https://api.github.com/repos/Association-Family/AssociationFamily/actions/secrets/public-key {"message":"Not Found","documentation_url":"https://docs.github.com/rest/reference/actions#get-a-repository-public-key"}
[debug] [2023-03-22T02:26:36.845Z] <<< [apiv2][status] GET https://api.github.com/repos//actions/secrets/public-key 404
[debug] [2023-03-22T02:26:36.845Z] <<< [apiv2][body] GET https://api.github.com/repos//actions/secrets/public-key {"message":"Not Found","documentation_url":"https://docs.github.com/rest"}
[debug] [2023-03-22T02:26:36.854Z] <<< [apiv2][status] GET https://api.github.com/repos//actions/secrets/public-key 404
[debug] [2023-03-22T02:26:36.854Z] <<< [apiv2][body] GET https://api.github.com/repos//actions/secrets/public-key {"message":"Not Found","documentation_url":"https://docs.github.com/rest"}
[debug] [2023-03-22T02:26:36.895Z] <<< [apiv2][status] GET https://api.github.com/repos//actions/secrets/public-key 404
[debug] [2023-03-22T02:26:36.895Z] <<< [apiv2][body] GET https://api.github.com/repos//actions/secrets/public-key {"message":"Not Found","documentation_url":"https://docs.github.com/rest"}
[debug] [2023-03-22T02:26:36.898Z] <<< [apiv2][status] GET https://api.github.com/repos//actions/secrets/public-key 404
[debug] [2023-03-22T02:26:36.898Z] <<< [apiv2][body] GET https://api.github.com/repos//actions/secrets/public-key {"message":"Not Found","documentation_url":"https://docs.github.com/rest"}
[debug] [2023-03-22T02:26:36.904Z] <<< [apiv2][status] GET https://api.github.com/repos//actions/secrets/public-key 404
[debug] [2023-03-22T02:26:36.904Z] <<< [apiv2][body] GET https://api.github.com/repos//actions/secrets/public-key {"message":"Not Found","documentation_url":"https://docs.github.com/rest"}
[debug] [2023-03-22T02:26:36.922Z] <<< [apiv2][status] GET https://api.github.com/repos//actions/secrets/public-key 404
[debug] [2023-03-22T02:26:36.922Z] <<< [apiv2][body] GET https://api.github.com/repos//actions/secrets/public-key {"message":"Not Found","documentation_url":"https://docs.github.com/rest"}
[debug] [2023-03-22T02:26:36.925Z] <<< [apiv2][status] GET https://api.github.com/repos//actions/secrets/public-key 404
[debug] [2023-03-22T02:26:36.925Z] <<< [apiv2][body] GET https://api.github.com/repos//actions/secrets/public-key {"message":"Not Found","documentation_url":"https://docs.github.com/rest"}
[debug] [2023-03-22T02:26:36.928Z] <<< [apiv2][status] GET https://api.github.com/repos//actions/secrets/public-key 404
[debug] [2023-03-22T02:26:36.928Z] <<< [apiv2][body] GET https://api.github.com/repos//actions/secrets/public-key {"message":"Not Found","documentation_url":"https://docs.github.com/rest"}
[debug] [2023-03-22T02:26:36.942Z] <<< [apiv2][status] GET https://api.github.com/repos//actions/secrets/public-key 404
[debug] [2023-03-22T02:26:36.942Z] <<< [apiv2][body] GET https://api.github.com/repos//actions/secrets/public-key {"message":"Not Found","documentation_url":"https://docs.github.com/rest"}
[debug] [2023-03-22T02:26:36.994Z] <<< [apiv2][status] GET https://api.github.com/repos//actions/secrets/public-key 404
[debug] [2023-03-22T02:26:36.995Z] <<< [apiv2][body] GET https://api.github.com/repos//actions/secrets/public-key {"message":"Not Found","documentation_url":"https://docs.github.com/rest"}
[debug] [2023-03-22T02:26:37.444Z] >>> [apiv2][query] GET https://api.github.com/repos/Association-Family/AssociationFamily/actions/secrets/public-key type=owner
[debug] [2023-03-22T02:26:37.884Z] <<< [apiv2][status] GET https://api.github.com/repos/Association-Family/AssociationFamily/actions/secrets/public-key 404
[debug] [2023-03-22T02:26:37.884Z] <<< [apiv2][body] GET https://api.github.com/repos/Association-Family/AssociationFamily/actions/secrets/public-key {"message":"Not Found","documentation_url":"https://docs.github.com/rest/reference/actions#get-a-repository-public-key"}
[debug] [2023-03-22T02:26:37.954Z] >>> [apiv2][query] GET https://api.github.com/repos/Association-Family/AssociationFamily/actions/secrets/public-key type=owner
[debug] [2023-03-22T02:26:37.985Z] >>> [apiv2][query] GET https://api.github.com/repos//actions/secrets/public-key type=owner
[debug] [2023-03-22T02:26:38.020Z] >>> [apiv2][query] GET https://api.github.com/repos//actions/secrets/public-key type=owner
[debug] [2023-03-22T02:26:38.053Z] >>> [apiv2][query] GET https://api.github.com/repos//actions/secrets/public-key type=owner
[debug] [2023-03-22T02:26:38.085Z] >>> [apiv2][query] GET https://api.github.com/repos//actions/secrets/public-key type=owner
[debug] [2023-03-22T02:26:38.117Z] >>> [apiv2][query] GET https://api.github.com/repos//actions/secrets/public-key type=owner
[debug] [2023-03-22T02:26:38.151Z] >>> [apiv2][query] GET https://api.github.com/repos//actions/secrets/public-key type=owner
[debug] [2023-03-22T02:26:38.183Z] >>> [apiv2][query] GET https://api.github.com/repos//actions/secrets/public-key type=owner
[debug] [2023-03-22T02:26:38.217Z] >>> [apiv2][query] GET https://api.github.com/repos//actions/secrets/public-key type=owner
[debug] [2023-03-22T02:26:38.249Z] >>> [apiv2][query] GET https://api.github.com/repos//actions/secrets/public-key type=owner
[debug] [2023-03-22T02:26:38.279Z] >>> [apiv2][query] GET https://api.github.com/repos//actions/secrets/public-key type=owner
[debug] [2023-03-22T02:26:38.313Z] >>> [apiv2][query] GET https://api.github.com/repos//actions/secrets/public-key type=owner
[debug] [2023-03-22T02:26:38.345Z] >>> [apiv2][query] GET https://api.github.com/repos//actions/secrets/public-key type=owner
[debug] [2023-03-22T02:26:38.349Z] <<< [apiv2][status] GET https://api.github.com/repos/Association-Family/AssociationFamily/actions/secrets/public-key 404
[debug] [2023-03-22T02:26:38.349Z] <<< [apiv2][body] GET https://api.github.com/repos/Association-Family/AssociationFamily/actions/secrets/public-key {"message":"Not Found","documentation_url":"https://docs.github.com/rest/reference/actions#get-a-repository-public-key"}
[debug] [2023-03-22T02:26:38.381Z] >>> [apiv2][query] GET https://api.github.com/repos/Association-Family/AssociationFamily/actions/secrets/public-key type=owner
[debug] [2023-03-22T02:26:38.387Z] <<< [apiv2][status] GET https://api.github.com/repos//actions/secrets/public-key 404
[debug] [2023-03-22T02:26:38.387Z] <<< [apiv2][body] GET https://api.github.com/repos//actions/secrets/public-key {"message":"Not Found","documentation_url":"https://docs.github.com/rest"}
[debug] [2023-03-22T02:26:38.389Z] <<< [apiv2][status] GET https://api.github.com/repos//actions/secrets/public-key 404
[debug] [2023-03-22T02:26:38.389Z] <<< [apiv2][body] GET https://api.github.com/repos//actions/secrets/public-key {"message":"Not Found","documentation_url":"https://docs.github.com/rest"}
[debug] [2023-03-22T02:26:38.408Z] >>> [apiv2][query] GET https://api.github.com/repos//actions/secrets/public-key type=owner
[debug] [2023-03-22T02:26:38.430Z] <<< [apiv2][status] GET https://api.github.com/repos//actions/secrets/public-key 404
[debug] [2023-03-22T02:26:38.430Z] <<< [apiv2][body] GET https://api.github.com/repos//actions/secrets/public-key {"message":"Not Found","documentation_url":"https://docs.github.com/rest"}
[debug] [2023-03-22T02:26:38.444Z] >>> [apiv2][query] GET https://api.github.com/repos//actions/secrets/public-key type=owner
[debug] [2023-03-22T02:26:38.468Z] <<< [apiv2][status] GET https://api.github.com/repos//actions/secrets/public-key 404
[debug] [2023-03-22T02:26:38.468Z] <<< [apiv2][body] GET https://api.github.com/repos//actions/secrets/public-key {"message":"Not Found","documentation_url":"https://docs.github.com/rest"}
[debug] [2023-03-22T02:26:38.535Z] <<< [apiv2][status] GET https://api.github.com/repos//actions/secrets/public-key 404
[debug] [2023-03-22T02:26:38.535Z] <<< [apiv2][body] GET https://api.github.com/repos//actions/secrets/public-key {"message":"Not Found","documentation_url":"https://docs.github.com/rest"}
[debug] [2023-03-22T02:26:38.564Z] <<< [apiv2][status] GET https://api.github.com/repos//actions/secrets/public-key 404
[debug] [2023-03-22T02:26:38.565Z] <<< [apiv2][body] GET https://api.github.com/repos//actions/secrets/public-key {"message":"Not Found","documentation_url":"https://docs.github.com/rest"}
[debug] [2023-03-22T02:26:38.591Z] <<< [apiv2][status] GET https://api.github.com/repos//actions/secrets/public-key 404
[debug] [2023-03-22T02:26:38.591Z] <<< [apiv2][body] GET https://api.github.com/repos//actions/secrets/public-key {"message":"Not Found","documentation_url":"https://docs.github.com/rest"}
[debug] [2023-03-22T02:26:38.594Z] <<< [apiv2][status] GET https://api.github.com/repos//actions/secrets/public-key 404
[debug] [2023-03-22T02:26:38.594Z] <<< [apiv2][body] GET https://api.github.com/repos//actions/secrets/public-key {"message":"Not Found","documentation_url":"https://docs.github.com/rest"}
[debug] [2023-03-22T02:26:38.607Z] <<< [apiv2][status] GET https://api.github.com/repos//actions/secrets/public-key 404
[debug] [2023-03-22T02:26:38.607Z] <<< [apiv2][body] GET https://api.github.com/repos//actions/secrets/public-key {"message":"Not Found","documentation_url":"https://docs.github.com/rest"}
[debug] [2023-03-22T02:26:38.665Z] <<< [apiv2][status] GET https://api.github.com/repos//actions/secrets/public-key 404
[debug] [2023-03-22T02:26:38.665Z] <<< [apiv2][body] GET https://api.github.com/repos//actions/secrets/public-key {"message":"Not Found","documentation_url":"https://docs.github.com/rest"}
[debug] [2023-03-22T02:26:38.697Z] <<< [apiv2][status] GET https://api.github.com/repos//actions/secrets/public-key 404
[debug] [2023-03-22T02:26:38.698Z] <<< [apiv2][body] GET https://api.github.com/repos//actions/secrets/public-key {"message":"Not Found","documentation_url":"https://docs.github.com/rest"}
[debug] [2023-03-22T02:26:38.719Z] <<< [apiv2][status] GET https://api.github.com/repos//actions/secrets/public-key 404
[debug] [2023-03-22T02:26:38.719Z] <<< [apiv2][body] GET https://api.github.com/repos//actions/secrets/public-key {"message":"Not Found","documentation_url":"https://docs.github.com/rest"}
[debug] [2023-03-22T02:26:38.749Z] <<< [apiv2][status] GET https://api.github.com/repos/Association-Family/AssociationFamily/actions/secrets/public-key 404
[debug] [2023-03-22T02:26:38.750Z] <<< [apiv2][body] GET https://api.github.com/repos/Association-Family/AssociationFamily/actions/secrets/public-key {"message":"Not Found","documentation_url":"https://docs.github.com/rest/reference/actions#get-a-repository-public-key"}
[debug] [2023-03-22T02:26:38.807Z] <<< [apiv2][status] GET https://api.github.com/repos//actions/secrets/public-key 404
[debug] [2023-03-22T02:26:38.807Z] <<< [apiv2][body] GET https://api.github.com/repos//actions/secrets/public-key {"message":"Not Found","documentation_url":"https://docs.github.com/rest"}
[debug] [2023-03-22T02:26:38.810Z] <<< [apiv2][status] GET https://api.github.com/repos//actions/secrets/public-key 404
[debug] [2023-03-22T02:26:38.810Z] <<< [apiv2][body] GET https://api.github.com/repos//actions/secrets/public-key {"message":"Not Found","documentation_url":"https://docs.github.com/rest"}
[debug] [2023-03-22T02:26:39.115Z] >>> [apiv2][query] GET https://api.github.com/repos/Association-Family/AssociationFamily/actions/secrets/public-key type=owner
[debug] [2023-03-22T02:26:39.295Z] >>> [apiv2][query] GET https://api.github.com/repos//actions/secrets/public-key type=owner
[debug] [2023-03-22T02:26:39.511Z] >>> [apiv2][query] GET https://api.github.com/repos//actions/secrets/public-key type=owner
[debug] [2023-03-22T02:26:39.515Z] <<< [apiv2][status] GET https://api.github.com/repos/Association-Family/AssociationFamily/actions/secrets/public-key 404
[debug] [2023-03-22T02:26:39.516Z] <<< [apiv2][body] GET https://api.github.com/repos/Association-Family/AssociationFamily/actions/secrets/public-key {"message":"Not Found","documentation_url":"https://docs.github.com/rest/reference/actions#get-a-repository-public-key"}
[debug] [2023-03-22T02:26:39.641Z] >>> [apiv2][query] GET https://api.github.com/repos/Association-Family/AssociationFamily/actions/secrets/public-key type=owner
[debug] [2023-03-22T02:26:39.698Z] <<< [apiv2][status] GET https://api.github.com/repos//actions/secrets/public-key 404
[debug] [2023-03-22T02:26:39.699Z] <<< [apiv2][body] GET https://api.github.com/repos//actions/secrets/public-key {"message":"Not Found","documentation_url":"https://docs.github.com/rest"}
[debug] [2023-03-22T02:26:39.887Z] <<< [apiv2][status] GET https://api.github.com/repos//actions/secrets/public-key 404
[debug] [2023-03-22T02:26:39.888Z] <<< [apiv2][body] GET https://api.github.com/repos//actions/secrets/public-key {"message":"Not Found","documentation_url":"https://docs.github.com/rest"}
[debug] [2023-03-22T02:26:40.137Z] <<< [apiv2][status] GET https://api.github.com/repos/Association-Family/AssociationFamily/actions/secrets/public-key 404
[debug] [2023-03-22T02:26:40.137Z] <<< [apiv2][body] GET https://api.github.com/repos/Association-Family/AssociationFamily/actions/secrets/public-key {"message":"Not Found","documentation_url":"https://docs.github.com/rest/reference/actions#get-a-repository-public-key"}
